[2023-08-03 21:29:19,547: INFO/MainProcess] Connected to redis://redis:6379/0
[2023-08-03 21:29:19,554: INFO/MainProcess] mingle: searching for neighbors
[2023-08-03 21:29:20,567: INFO/MainProcess] mingle: all alone
[2023-08-03 21:29:20,597: INFO/MainProcess] celery@85840eed379d ready.
[2023-08-03 21:29:20,600: INFO/MainProcess] Task create_task[4a43d638-c9a6-4e5d-8ee3-db1ed74fbff3] received
[2023-08-03 21:29:20,603: INFO/MainProcess] Task create_task[ff4c27d4-887d-4dc7-a8d2-8e385fff6449] received
[2023-08-03 21:29:20,615: INFO/ForkPoolWorker-7] Task create_task[4a43d638-c9a6-4e5d-8ee3-db1ed74fbff3] succeeded in 0.012672099999690545s: True
[2023-08-03 21:29:30,629: INFO/ForkPoolWorker-8] Task create_task[ff4c27d4-887d-4dc7-a8d2-8e385fff6449] succeeded in 10.024238030999186s: True
[2023-08-03 22:01:17,738: INFO/MainProcess] Task create_task[fd8b3092-0f8c-484c-b195-97aa5c8130a1] received
[2023-08-03 22:01:17,740: INFO/ForkPoolWorker-7] Task create_task[fd8b3092-0f8c-484c-b195-97aa5c8130a1] succeeded in 0.0013388999996095663s: True
[2023-08-03 22:03:09,145: INFO/MainProcess] Connected to redis://redis:6379/0
[2023-08-03 22:03:09,151: INFO/MainProcess] mingle: searching for neighbors
[2023-08-03 22:03:10,161: INFO/MainProcess] mingle: all alone
[2023-08-03 22:03:10,176: INFO/MainProcess] celery@d8aad64a666b ready.
[2023-08-03 22:03:14,325: INFO/MainProcess] Events of group {task} enabled by remote.
[2023-08-03 22:03:17,469: INFO/MainProcess] Task create_task[123e6d17-9521-42e0-99f3-79d670f5f848] received
[2023-08-03 22:03:17,477: INFO/ForkPoolWorker-7] Task create_task[123e6d17-9521-42e0-99f3-79d670f5f848] succeeded in 0.005033698998886393s: True
[2023-08-03 22:04:01,733: INFO/MainProcess] Connected to redis://redis:6379/0
[2023-08-03 22:04:01,739: INFO/MainProcess] mingle: searching for neighbors
[2023-08-03 22:04:02,752: INFO/MainProcess] mingle: all alone
[2023-08-03 22:04:02,767: INFO/MainProcess] celery@f725f6dadcb3 ready.
[2023-08-03 22:04:02,891: INFO/MainProcess] Connected to redis://redis:6379/0
[2023-08-03 22:04:02,896: INFO/MainProcess] mingle: searching for neighbors
[2023-08-03 22:04:02,903: INFO/MainProcess] sync with celery@26c6ade51520
[2023-08-03 22:04:02,943: INFO/MainProcess] Connected to redis://redis:6379/0
[2023-08-03 22:04:02,947: INFO/MainProcess] mingle: searching for neighbors
[2023-08-03 22:04:02,954: INFO/MainProcess] sync with celery@27f897e77f53
[2023-08-03 22:04:03,908: INFO/MainProcess] mingle: sync with 1 nodes
[2023-08-03 22:04:03,909: INFO/MainProcess] mingle: sync complete
[2023-08-03 22:04:03,921: INFO/MainProcess] celery@26c6ade51520 ready.
[2023-08-03 22:04:03,961: INFO/MainProcess] mingle: sync with 1 nodes
[2023-08-03 22:04:03,962: INFO/MainProcess] mingle: sync complete
[2023-08-03 22:04:03,986: INFO/MainProcess] celery@27f897e77f53 ready.
[2023-08-03 22:04:08,651: INFO/MainProcess] Events of group {task} enabled by remote.
[2023-08-03 22:04:08,651: INFO/MainProcess] Events of group {task} enabled by remote.
[2023-08-03 22:04:08,652: INFO/MainProcess] Events of group {task} enabled by remote.
[2023-08-03 22:11:33,783: INFO/MainProcess] Task create_task[7b957ca5-b59b-49bc-9d12-2f88d4f6df4e] received
[2023-08-03 22:11:43,792: INFO/ForkPoolWorker-7] Task create_task[7b957ca5-b59b-49bc-9d12-2f88d4f6df4e] succeeded in 10.004460185000426s: True
[2023-08-03 23:18:49,633: INFO/MainProcess] missed heartbeat from celery@26c6ade51520
[2023-08-03 23:18:49,634: INFO/MainProcess] missed heartbeat from celery@f725f6dadcb3
[2023-08-03 23:18:49,632: INFO/MainProcess] missed heartbeat from celery@26c6ade51520
[2023-08-03 23:18:49,666: INFO/MainProcess] missed heartbeat from celery@27f897e77f53
[2023-08-03 23:18:49,632: INFO/MainProcess] missed heartbeat from celery@27f897e77f53
[2023-08-03 23:18:49,666: INFO/MainProcess] missed heartbeat from celery@f725f6dadcb3
[2023-08-04 07:28:16,011: INFO/MainProcess] missed heartbeat from celery@f725f6dadcb3
[2023-08-04 07:28:16,012: INFO/MainProcess] missed heartbeat from celery@27f897e77f53
[2023-08-04 07:28:16,031: INFO/MainProcess] missed heartbeat from celery@26c6ade51520
[2023-08-04 07:28:16,031: INFO/MainProcess] missed heartbeat from celery@f725f6dadcb3
[2023-08-04 07:28:16,034: INFO/MainProcess] missed heartbeat from celery@26c6ade51520
[2023-08-04 07:28:16,034: INFO/MainProcess] missed heartbeat from celery@27f897e77f53
[2023-08-04 17:37:39,804: INFO/MainProcess] missed heartbeat from celery@f725f6dadcb3
[2023-08-04 17:37:39,804: INFO/MainProcess] missed heartbeat from celery@27f897e77f53
[2023-08-04 17:37:39,804: INFO/MainProcess] missed heartbeat from celery@26c6ade51520
[2023-08-04 17:37:39,804: INFO/MainProcess] missed heartbeat from celery@27f897e77f53
[2023-08-04 17:37:39,806: INFO/MainProcess] missed heartbeat from celery@26c6ade51520
[2023-08-04 17:37:39,806: INFO/MainProcess] missed heartbeat from celery@f725f6dadcb3
[2023-08-04 21:36:49,740: INFO/MainProcess] missed heartbeat from celery@f725f6dadcb3
[2023-08-04 21:36:49,740: INFO/MainProcess] missed heartbeat from celery@26c6ade51520
[2023-08-04 21:36:49,746: INFO/MainProcess] missed heartbeat from celery@f725f6dadcb3
[2023-08-04 21:36:49,769: INFO/MainProcess] missed heartbeat from celery@26c6ade51520
[2023-08-04 21:36:49,769: INFO/MainProcess] missed heartbeat from celery@27f897e77f53
[2023-08-05 03:52:15,521: INFO/MainProcess] missed heartbeat from celery@27f897e77f53
[2023-08-05 03:52:15,521: INFO/MainProcess] missed heartbeat from celery@f725f6dadcb3
[2023-08-05 03:52:15,523: INFO/MainProcess] missed heartbeat from celery@27f897e77f53
[2023-08-05 03:52:15,523: INFO/MainProcess] missed heartbeat from celery@26c6ade51520
[2023-08-05 03:52:15,524: INFO/MainProcess] missed heartbeat from celery@26c6ade51520
[2023-08-05 03:52:15,525: INFO/MainProcess] missed heartbeat from celery@f725f6dadcb3
